2020-05-22 01:43:29,600 :: INFO :: Start experiment: conard-216637
2020-05-22 01:43:29,603 :: INFO :: Control node : Starting of control node serial interface
2020-05-22 01:43:29,606 :: INFO :: Control node : reset
2020-05-22 01:43:29,609 :: INFO :: Reset Control Node
2020-05-22 01:43:32,630 :: INFO :: Control node : start power of open node
2020-05-22 01:43:32,688 :: INFO :: Node OpenOCD: Setup of openocd node
2020-05-22 01:43:35,730 :: INFO :: Node OpenOCD: flash of openocd node
2020-05-22 01:43:35,745 :: INFO :: Flash firmware on OpenOCD: /tmp/tmpoNl4vW--6889e6efe0ed32a096d9f263f1661e4b_my_project.elf
2020-05-22 01:43:43,802 :: INFO :: Control node : Start experiment
2020-05-22 01:43:43,855 :: INFO :: Control Node set time delay: 1129 us
2020-05-22 01:43:43,873 :: INFO :: Control node : profile configuration
2020-05-22 01:43:43,876 :: INFO :: Configure profile on Control Node
2020-05-22 01:43:43,919 :: INFO :: Start experiment succeeded
2020-05-22 01:45:48,302 :: INFO :: Gateway Manager : Stop experiment
2020-05-22 01:45:48,319 :: INFO :: Stop experiment
2020-05-22 01:45:48,335 :: INFO :: Control node : stop of the experiment
2020-05-22 01:45:48,355 :: INFO :: Control node : profile configuration
2020-05-22 01:45:48,369 :: INFO :: Configure profile on Control Node
2020-05-22 01:45:48,503 :: INFO :: Control node : start power of open node
2020-05-22 01:45:48,556 :: INFO :: Node OpenOCD: teardown of openocd node
2020-05-22 01:45:51,596 :: INFO :: openocd node debugger stop
2020-05-22 01:45:52,263 :: INFO :: Node OpenOCD: flash of openocd node
2020-05-22 01:45:52,271 :: INFO :: Flash firmware on OpenOCD: /usr/lib/python2.7/site-packages/gateway_code/static/m3_idle.elf
2020-05-22 01:45:54,779 :: INFO :: Control node : Stop control node serial interface
2020-05-22 01:45:54,784 :: INFO :: Control node : stop power of open node
2020-05-22 01:45:54,839 :: INFO :: Control node : reset
2020-05-22 01:45:54,843 :: INFO :: Reset Control Node
2020-05-22 01:45:57,729 :: INFO :: Stop experiment succeeded
