2020-05-22 01:43:29,590 :: INFO :: Start experiment: conard-216637
2020-05-22 01:43:29,594 :: INFO :: Control node : Starting of control node serial interface
2020-05-22 01:43:29,596 :: INFO :: Control node : reset
2020-05-22 01:43:29,599 :: INFO :: Reset Control Node
2020-05-22 01:43:32,568 :: INFO :: Control node : start power of open node
2020-05-22 01:43:32,624 :: INFO :: Node OpenOCD: Setup of openocd node
2020-05-22 01:43:35,676 :: INFO :: Node OpenOCD: flash of openocd node
2020-05-22 01:43:35,689 :: INFO :: Flash firmware on OpenOCD: /tmp/tmpWlSlYv--6889e6efe0ed32a096d9f263f1661e4b_my_project.elf
2020-05-22 01:43:43,581 :: INFO :: Control node : Start experiment
2020-05-22 01:43:43,642 :: INFO :: Control Node set time delay: 1037 us
2020-05-22 01:43:43,674 :: INFO :: Control node : profile configuration
2020-05-22 01:43:43,680 :: INFO :: Configure profile on Control Node
2020-05-22 01:43:43,758 :: INFO :: Start experiment succeeded
2020-05-22 01:45:48,298 :: INFO :: Gateway Manager : Stop experiment
2020-05-22 01:45:48,318 :: INFO :: Stop experiment
2020-05-22 01:45:48,337 :: INFO :: Control node : stop of the experiment
2020-05-22 01:45:48,359 :: INFO :: Control node : profile configuration
2020-05-22 01:45:48,376 :: INFO :: Configure profile on Control Node
2020-05-22 01:45:48,537 :: INFO :: Control node : start power of open node
2020-05-22 01:45:48,565 :: INFO :: Node OpenOCD: teardown of openocd node
2020-05-22 01:45:51,595 :: INFO :: openocd node debugger stop
2020-05-22 01:45:52,285 :: INFO :: Node OpenOCD: flash of openocd node
2020-05-22 01:45:52,299 :: INFO :: Flash firmware on OpenOCD: /usr/lib/python2.7/site-packages/gateway_code/static/m3_idle.elf
2020-05-22 01:45:54,865 :: INFO :: Control node : Stop control node serial interface
2020-05-22 01:45:54,874 :: INFO :: Control node : stop power of open node
2020-05-22 01:45:54,959 :: INFO :: Control node : reset
2020-05-22 01:45:54,966 :: INFO :: Reset Control Node
2020-05-22 01:45:57,851 :: INFO :: Stop experiment succeeded
